Release 14.7 - xst P.20131013 (lin64)
Copyright (c) 1995-2013 Xilinx, Inc.  All rights reserved.
--> 
Parameter TMPDIR set to xst/projnav.tmp


Total REAL time to Xst completion: 0.00 secs
Total CPU time to Xst completion: 0.04 secs
 
--> 
Parameter xsthdpdir set to xst


Total REAL time to Xst completion: 0.00 secs
Total CPU time to Xst completion: 0.04 secs
 
--> 
Reading design: arthmetic_unit.prj

TABLE OF CONTENTS
  1) Synthesis Options Summary
  2) HDL Compilation
  3) Design Hierarchy Analysis
  4) HDL Analysis
  5) HDL Synthesis
     5.1) HDL Synthesis Report
  6) Advanced HDL Synthesis
     6.1) Advanced HDL Synthesis Report
  7) Low Level Synthesis
  8) Partition Report
  9) Final Report
	9.1) Device utilization summary
	9.2) Partition Resource Summary
	9.3) TIMING REPORT


=========================================================================
*                      Synthesis Options Summary                        *
=========================================================================
---- Source Parameters
Input File Name                    : "arthmetic_unit.prj"
Input Format                       : mixed
Ignore Synthesis Constraint File   : NO

---- Target Parameters
Output File Name                   : "arthmetic_unit"
Output Format                      : NGC
Target Device                      : xc3s500e-4-vq100

---- Source Options
Top Module Name                    : arthmetic_unit
Automatic FSM Extraction           : YES
FSM Encoding Algorithm             : Auto
Safe Implementation                : No
FSM Style                          : LUT
RAM Extraction                     : Yes
RAM Style                          : Auto
ROM Extraction                     : Yes
Mux Style                          : Auto
Decoder Extraction                 : YES
Priority Encoder Extraction        : Yes
Shift Register Extraction          : YES
Logical Shifter Extraction         : YES
XOR Collapsing                     : YES
ROM Style                          : Auto
Mux Extraction                     : Yes
Resource Sharing                   : YES
Asynchronous To Synchronous        : NO
Multiplier Style                   : Auto
Automatic Register Balancing       : No

---- Target Options
Add IO Buffers                     : YES
Global Maximum Fanout              : 100000
Add Generic Clock Buffer(BUFG)     : 24
Register Duplication               : YES
Slice Packing                      : YES
Optimize Instantiated Primitives   : NO
Use Clock Enable                   : Yes
Use Synchronous Set                : Yes
Use Synchronous Reset              : Yes
Pack IO Registers into IOBs        : Auto
Equivalent register Removal        : YES

---- General Options
Optimization Goal                  : Speed
Optimization Effort                : 1
Keep Hierarchy                     : No
Netlist Hierarchy                  : As_Optimized
RTL Output                         : Yes
Global Optimization                : AllClockNets
Read Cores                         : YES
Write Timing Constraints           : NO
Cross Clock Analysis               : NO
Hierarchy Separator                : /
Bus Delimiter                      : <>
Case Specifier                     : Maintain
Slice Utilization Ratio            : 100
BRAM Utilization Ratio             : 100
Verilog 2001                       : YES
Auto BRAM Packing                  : NO
Slice Utilization Ratio Delta      : 5

=========================================================================


=========================================================================
*                          HDL Compilation                              *
=========================================================================
Compiling vhdl file "/home/ise/Desktop/AU-error-detection/arthmetic_unit.vhf" in Library work.
Architecture behavioral of Entity demux4to3bit_muser_arthmetic_unit is up to date.
Architecture behavioral of Entity full_adder_muser_arthmetic_unit is up to date.
Architecture behavioral of Entity adder_muser_arthmetic_unit is up to date.
Architecture behavioral of Entity multiplier_muser_arthmetic_unit is up to date.
Architecture behavioral of Entity arthmetic_unit is up to date.
Compiling vhdl file "/home/ise/Desktop/AU-error-detection/multiplier.vhf" in Library work.
Architecture behavioral of Entity demux4to3bit_muser_multiplier is up to date.
Architecture behavioral of Entity full_adder_muser_multiplier is up to date.
Architecture behavioral of Entity adder_muser_multiplier is up to date.
Architecture behavioral of Entity multiplier is up to date.
Compiling vhdl file "/home/ise/Desktop/AU-error-detection/demux4to3bit.vhf" in Library work.
Architecture behavioral of Entity demux4to3bit is up to date.

=========================================================================
*                     Design Hierarchy Analysis                         *
=========================================================================
Analyzing hierarchy for entity <arthmetic_unit> in library <work> (architecture <behavioral>).

Analyzing hierarchy for entity <multiplier_MUSER_arthmetic_unit> in library <work> (architecture <behavioral>).
"/home/ise/Desktop/AU-error-detection/arthmetic_unit.vhf" line 242: In entity <multiplier_MUSER_arthmetic_unit>
ERROR:Xst:2585 - Port <Carry_out> of instance <XLXI_3> does not exist in definition <adder_MUSER_arthmetic_unit>. Please compare the definition of block <adder_MUSER_arthmetic_unit> to its component declaration to detect the mismatch.
ERROR:Xst:2587 - Port <S> of instance <XLXI_3> has different type in definition <adder_MUSER_arthmetic_unit>.
--> 


Total memory usage is 512308 kilobytes

Number of errors   :    2 (   0 filtered)
Number of warnings :    0 (   0 filtered)
Number of infos    :    0 (   0 filtered)

